2019-09-05T09:01:53.644+0800 I  CONTROL  [main] Automatically disabling TLS 1.0, to force-enable TLS 1.0 specify --sslDisabledProtocols 'none'
2019-09-05T09:01:53.666+0800 I  CONTROL  [initandlisten] MongoDB starting : pid=792 port=27017 dbpath=database/db 64-bit host=emcoo-50deiMac.local
2019-09-05T09:01:53.666+0800 I  CONTROL  [initandlisten] db version v4.2.0
2019-09-05T09:01:53.666+0800 I  CONTROL  [initandlisten] git version: a4b751dcf51dd249c5865812b390cfd1c0129c30
2019-09-05T09:01:53.666+0800 I  CONTROL  [initandlisten] allocator: system
2019-09-05T09:01:53.666+0800 I  CONTROL  [initandlisten] modules: none
2019-09-05T09:01:53.666+0800 I  CONTROL  [initandlisten] build environment:
2019-09-05T09:01:53.666+0800 I  CONTROL  [initandlisten]     distarch: x86_64
2019-09-05T09:01:53.666+0800 I  CONTROL  [initandlisten]     target_arch: x86_64
2019-09-05T09:01:53.666+0800 I  CONTROL  [initandlisten] options: { storage: { dbPath: "database/db" }, systemLog: { destination: "file", path: "database/log/mongodb.log" } }
2019-09-05T09:01:53.667+0800 I  STORAGE  [initandlisten] Detected data files in database/db created by the 'wiredTiger' storage engine, so setting the active storage engine to 'wiredTiger'.
2019-09-05T09:01:53.667+0800 I  STORAGE  [initandlisten] wiredtiger_open config: create,cache_size=3584M,cache_overflow=(file_max=0M),session_max=33000,eviction=(threads_min=4,threads_max=4),config_base=false,statistics=(fast),log=(enabled=true,archive=true,path=journal,compressor=snappy),file_manager=(close_idle_time=100000),statistics_log=(wait=0),verbose=[recovery_progress,checkpoint_progress],
2019-09-05T09:01:55.061+0800 I  STORAGE  [initandlisten] WiredTiger message [1567645315:61173][792:0x7fffac11c3c0], txn-recover: Recovering log 2 through 3
2019-09-05T09:01:55.100+0800 I  STORAGE  [initandlisten] WiredTiger message [1567645315:100160][792:0x7fffac11c3c0], txn-recover: Recovering log 3 through 3
2019-09-05T09:01:55.643+0800 I  STORAGE  [initandlisten] WiredTiger message [1567645315:643251][792:0x7fffac11c3c0], txn-recover: Main recovery loop: starting at 2/6400 to 3/256
2019-09-05T09:01:55.712+0800 I  STORAGE  [initandlisten] WiredTiger message [1567645315:712723][792:0x7fffac11c3c0], txn-recover: Recovering log 2 through 3
2019-09-05T09:01:55.786+0800 I  STORAGE  [initandlisten] WiredTiger message [1567645315:786147][792:0x7fffac11c3c0], txn-recover: Recovering log 3 through 3
2019-09-05T09:01:55.823+0800 I  STORAGE  [initandlisten] WiredTiger message [1567645315:823406][792:0x7fffac11c3c0], txn-recover: Set global recovery timestamp: (0,0)
2019-09-05T09:01:56.763+0800 I  RECOVERY [initandlisten] WiredTiger recoveryTimestamp. Ts: Timestamp(0, 0)
2019-09-05T09:01:56.774+0800 I  STORAGE  [initandlisten] Timestamp monitor starting
2019-09-05T09:01:56.837+0800 I  CONTROL  [initandlisten] 
2019-09-05T09:01:56.837+0800 I  CONTROL  [initandlisten] ** WARNING: Access control is not enabled for the database.
2019-09-05T09:01:56.837+0800 I  CONTROL  [initandlisten] **          Read and write access to data and configuration is unrestricted.
2019-09-05T09:01:56.837+0800 I  CONTROL  [initandlisten] 
2019-09-05T09:01:56.837+0800 I  CONTROL  [initandlisten] ** WARNING: This server is bound to localhost.
2019-09-05T09:01:56.837+0800 I  CONTROL  [initandlisten] **          Remote systems will be unable to connect to this server. 
2019-09-05T09:01:56.837+0800 I  CONTROL  [initandlisten] **          Start the server with --bind_ip <address> to specify which IP 
2019-09-05T09:01:56.837+0800 I  CONTROL  [initandlisten] **          addresses it should serve responses from, or with --bind_ip_all to
2019-09-05T09:01:56.838+0800 I  CONTROL  [initandlisten] **          bind to all interfaces. If this behavior is desired, start the
2019-09-05T09:01:56.838+0800 I  CONTROL  [initandlisten] **          server with --bind_ip 127.0.0.1 to disable this warning.
2019-09-05T09:01:56.838+0800 I  CONTROL  [initandlisten] 
2019-09-05T09:01:56.846+0800 I  SHARDING [initandlisten] Marking collection local.system.replset as collection version: <unsharded>
2019-09-05T09:01:56.847+0800 I  STORAGE  [initandlisten] Flow Control is enabled on this deployment.
2019-09-05T09:01:56.847+0800 I  SHARDING [initandlisten] Marking collection admin.system.roles as collection version: <unsharded>
2019-09-05T09:01:56.847+0800 I  SHARDING [initandlisten] Marking collection admin.system.version as collection version: <unsharded>
2019-09-05T09:01:56.848+0800 I  SHARDING [initandlisten] Marking collection local.startup_log as collection version: <unsharded>
2019-09-05T09:01:56.848+0800 I  FTDC     [initandlisten] Initializing full-time diagnostic data capture with directory 'database/db/diagnostic.data'
2019-09-05T09:01:56.848+0800 I  SHARDING [LogicalSessionCacheRefresh] Marking collection config.system.sessions as collection version: <unsharded>
2019-09-05T09:01:56.848+0800 I  NETWORK  [initandlisten] Listening on /tmp/mongodb-27017.sock
2019-09-05T09:01:56.848+0800 I  NETWORK  [initandlisten] Listening on 127.0.0.1
2019-09-05T09:01:56.848+0800 I  NETWORK  [initandlisten] waiting for connections on port 27017
2019-09-05T09:01:56.848+0800 I  SHARDING [LogicalSessionCacheReap] Marking collection config.transactions as collection version: <unsharded>
2019-09-05T09:02:15.330+0800 I  NETWORK  [listener] connection accepted from 127.0.0.1:49368 #1 (1 connection now open)
2019-09-05T09:02:15.332+0800 I  NETWORK  [conn1] received client metadata from 127.0.0.1:49368 conn1: { driver: { name: "nodejs-core", version: "3.3.2" }, os: { type: "Darwin", name: "darwin", architecture: "x64", version: "16.7.0" }, platform: "Node.js v10.16.3, LE" }
2019-09-05T09:02:15.348+0800 I  SHARDING [conn1] Marking collection test.test as collection version: <unsharded>
2019-09-05T09:02:15.352+0800 I  NETWORK  [conn1] end connection 127.0.0.1:49368 (0 connections now open)
2019-09-05T09:05:42.325+0800 I  NETWORK  [listener] connection accepted from 127.0.0.1:49401 #2 (1 connection now open)
2019-09-05T09:05:42.329+0800 I  NETWORK  [conn2] received client metadata from 127.0.0.1:49401 conn2: { driver: { name: "nodejs-core", version: "3.3.2" }, os: { type: "Darwin", name: "darwin", architecture: "x64", version: "16.7.0" }, platform: "Node.js v10.16.3, LE" }
2019-09-05T09:05:42.352+0800 I  NETWORK  [conn2] end connection 127.0.0.1:49401 (0 connections now open)
2019-09-05T09:21:09.512+0800 I  CONTROL  [signalProcessingThread] got signal 2 (Interrupt: 2), will terminate after current cmd ends
2019-09-05T09:21:09.513+0800 I  NETWORK  [signalProcessingThread] shutdown: going to close listening sockets...
2019-09-05T09:21:09.513+0800 I  NETWORK  [signalProcessingThread] removing socket file: /tmp/mongodb-27017.sock
2019-09-05T09:21:09.513+0800 I  -        [signalProcessingThread] Stopping further Flow Control ticket acquisitions.
2019-09-05T09:21:09.513+0800 I  CONTROL  [signalProcessingThread] Shutting down free monitoring
2019-09-05T09:21:09.513+0800 I  FTDC     [signalProcessingThread] Shutting down full-time diagnostic data capture
2019-09-05T09:21:09.515+0800 I  STORAGE  [signalProcessingThread] Deregistering all the collections
2019-09-05T09:21:09.515+0800 I  STORAGE  [signalProcessingThread] Timestamp monitor shutting down
2019-09-05T09:21:09.515+0800 I  STORAGE  [signalProcessingThread] WiredTigerKVEngine shutting down
2019-09-05T09:21:09.515+0800 I  STORAGE  [signalProcessingThread] Shutting down session sweeper thread
2019-09-05T09:21:09.515+0800 I  STORAGE  [signalProcessingThread] Finished shutting down session sweeper thread
2019-09-05T09:21:09.515+0800 I  STORAGE  [signalProcessingThread] Shutting down journal flusher thread
2019-09-05T09:21:09.607+0800 I  STORAGE  [signalProcessingThread] Finished shutting down journal flusher thread
2019-09-05T09:21:09.607+0800 I  STORAGE  [signalProcessingThread] Shutting down checkpoint thread
2019-09-05T09:21:09.607+0800 I  STORAGE  [signalProcessingThread] Finished shutting down checkpoint thread
2019-09-05T09:21:10.396+0800 I  STORAGE  [signalProcessingThread] shutdown: removing fs lock...
2019-09-05T09:21:10.398+0800 I  CONTROL  [signalProcessingThread] now exiting
2019-09-05T09:21:10.398+0800 I  CONTROL  [signalProcessingThread] shutting down with code:0
